#! c:/iverilog-x64/bin/vvp
:ivl_version "10.1 (stable)" "(v10_1_1)";
:ivl_delay_selection "TYPICAL";
:vpi_time_precision + 0;
:vpi_module "system";
:vpi_module "vhdl_sys";
:vpi_module "v2005_math";
:vpi_module "va_math";
S_00000000010163c0 .scope module, "memory" "memory" 2 1;
 .timescale 0 0;
    .port_info 0 /INOUT 16 "data"
    .port_info 1 /INPUT 11 "address"
    .port_info 2 /INPUT 1 "clk"
    .port_info 3 /INPUT 1 "write"
v0000000000fe2770_0 .net *"_s1", 0 0, L_0000000001068890;  1 drivers
o00000000010179e8 .functor BUFZ 16, C4<zzzzzzzzzzzzzzzz>; HiZ drive
; Elide local net with no drivers, v0000000000fe2810_0 name=_s2
o0000000001017a18 .functor BUFZ 11, C4<zzzzzzzzzzz>; HiZ drive
v0000000000fe28b0_0 .net "address", 10 0, o0000000001017a18;  0 drivers
o0000000001017a48 .functor BUFZ 1, C4<z>; HiZ drive
v0000000000fe2950_0 .net "clk", 0 0, o0000000001017a48;  0 drivers
v0000000000fe29f0_0 .net "data", 15 0, L_0000000001068930;  1 drivers
v0000000000fe2a90 .array "internal", 2047 0, 15 0;
v00000000010686b0_0 .var/i "j", 31 0;
v0000000001068750_0 .var "outputData", 15 0;
o0000000001017b08 .functor BUFZ 1, C4<z>; HiZ drive
v00000000010687f0_0 .net "write", 0 0, o0000000001017b08;  0 drivers
E_00000000010fe230 .event posedge, v0000000000fe2950_0;
L_0000000001068890 .reduce/nor o0000000001017b08;
L_0000000001068930 .functor MUXZ 16, o00000000010179e8, v0000000001068750_0, L_0000000001068890, C4<>;
    .scope S_00000000010163c0;
T_0 ;
    %pushi/vec4 0, 0, 32;
    %store/vec4 v00000000010686b0_0, 0, 32;
T_0.0 ;
    %load/vec4 v00000000010686b0_0;
    %cmpi/s 2048, 0, 32;
    %jmp/0xz T_0.1, 5;
    %pushi/vec4 65535, 0, 16;
    %ix/getv/s 4, v00000000010686b0_0;
    %store/vec4a v0000000000fe2a90, 4, 0;
    %load/vec4 v00000000010686b0_0;
    %addi 1, 0, 32;
    %store/vec4 v00000000010686b0_0, 0, 32;
    %jmp T_0.0;
T_0.1 ;
    %end;
    .thread T_0;
    .scope S_00000000010163c0;
T_1 ;
    %wait E_00000000010fe230;
    %load/vec4 v00000000010687f0_0;
    %flag_set/vec4 8;
    %jmp/0xz  T_1.0, 8;
    %load/vec4 v0000000000fe29f0_0;
    %load/vec4 v0000000000fe28b0_0;
    %pad/u 13;
    %ix/vec4 4;
    %store/vec4a v0000000000fe2a90, 4, 0;
    %jmp T_1.1;
T_1.0 ;
    %load/vec4 v0000000000fe28b0_0;
    %pad/u 13;
    %ix/vec4 4;
    %load/vec4a v0000000000fe2a90, 4;
    %store/vec4 v0000000001068750_0, 0, 16;
T_1.1 ;
    %jmp T_1;
    .thread T_1;
# The file index is used to find the file name in the following table.
:file_names 3;
    "N/A";
    "<interactive>";
    "memory.v";
